build/outputs/logs/manifest-merger-debug-report.txt
-- Merging decision tree log ---
manifest
ADDED from whyandroid/android-html-editor/AndroidManifest.xml:2:1-117:12
	package
		ADDED from whyandroid/android-html-editor/AndroidManifest.xml:3:5-40
	android:versionName
		ADDED from whyandroid/android-html-editor/AndroidManifest.xml:5:5-28
		INJECTED from whyandroid/android-html-editor/AndroidManifest.xml
		INJECTED from whyandroid/android-html-editor/AndroidManifest.xml
	android:versionCode
		ADDED from whyandroid/android-html-editor/AndroidManifest.xml:4:5-29
		INJECTED from whyandroid/android-html-editor/AndroidManifest.xml
		INJECTED from whyandroid/android-html-editor/AndroidManifest.xml
	xmlns:android
		ADDED from whyandroid/android-html-editor/AndroidManifest.xml:2:11-69
uses-sdk
ADDED from whyandroid/android-html-editor/AndroidManifest.xml:7:5-44
MERGED from [com.android.support:support-v4:23.1.1] AndroidManifest.xml:20:5-43
	android:minSdkVersion
		ADDED from whyandroid/android-html-editor/AndroidManifest.xml:7:15-41
uses-permission#android.permission.READ_PHONE_STATE
ADDED from whyandroid/android-html-editor/AndroidManifest.xml:8:6-76
	android:name
		ADDED from whyandroid/android-html-editor/AndroidManifest.xml:8:23-73
application
ADDED from whyandroid/android-html-editor/AndroidManifest.xml:11:5-112:19
MERGED from [com.android.support:support-v4:23.1.1] AndroidManifest.xml:22:5-20
	android:label
		ADDED from whyandroid/android-html-editor/AndroidManifest.xml:14:9-41
	android:icon
		ADDED from whyandroid/android-html-editor/AndroidManifest.xml:12:9-44
	android:theme
		ADDED from whyandroid/android-html-editor/AndroidManifest.xml:13:8-40
activity#com.zen.androidhtmleditor.AHEActivity
ADDED from whyandroid/android-html-editor/AndroidManifest.xml:30:9-40:20
	android:label
		ADDED from whyandroid/android-html-editor/AndroidManifest.xml:31:13-45
	android:configChanges
		ADDED from whyandroid/android-html-editor/AndroidManifest.xml:33:13-72
	android:name
		ADDED from whyandroid/android-html-editor/AndroidManifest.xml:34:13-40
intent-filter#android.intent.action.MAIN+android.intent.category.LAUNCHER
ADDED from whyandroid/android-html-editor/AndroidManifest.xml:35:13-39:29
action#android.intent.action.MAIN
ADDED from whyandroid/android-html-editor/AndroidManifest.xml:36:17-69
	android:name
		ADDED from whyandroid/android-html-editor/AndroidManifest.xml:36:25-66
category#android.intent.category.LAUNCHER
ADDED from whyandroid/android-html-editor/AndroidManifest.xml:37:1-61
	android:name
		ADDED from whyandroid/android-html-editor/AndroidManifest.xml:37:11-58
activity#com.zen.androidhtmleditor.EditFile
ADDED from whyandroid/android-html-editor/AndroidManifest.xml:42:9-49:20
	android:label
		ADDED from whyandroid/android-html-editor/AndroidManifest.xml:45:17-41
	class
		ADDED from whyandroid/android-html-editor/AndroidManifest.xml:43:11-28
	android:configChanges
		ADDED from whyandroid/android-html-editor/AndroidManifest.xml:44:11-70
	android:name
		ADDED from whyandroid/android-html-editor/AndroidManifest.xml:42:19-43
intent-filter#android.intent.action.MAIN
ADDED from whyandroid/android-html-editor/AndroidManifest.xml:46:13-48:29
activity#com.zen.androidhtmleditor.Terminal
ADDED from whyandroid/android-html-editor/AndroidManifest.xml:50:9-57:20
	android:label
		ADDED from whyandroid/android-html-editor/AndroidManifest.xml:53:17-41
	class
		ADDED from whyandroid/android-html-editor/AndroidManifest.xml:51:11-28
	android:configChanges
		ADDED from whyandroid/android-html-editor/AndroidManifest.xml:52:11-70
	android:name
		ADDED from whyandroid/android-html-editor/AndroidManifest.xml:50:19-43
activity#com.zen.androidhtmleditor.Settings
ADDED from whyandroid/android-html-editor/AndroidManifest.xml:58:2-65:20
	android:label
		ADDED from whyandroid/android-html-editor/AndroidManifest.xml:61:17-41
	class
		ADDED from whyandroid/android-html-editor/AndroidManifest.xml:59:11-28
	android:configChanges
		ADDED from whyandroid/android-html-editor/AndroidManifest.xml:60:11-70
	android:name
		ADDED from whyandroid/android-html-editor/AndroidManifest.xml:58:12-36
activity#com.zen.androidhtmleditor.ThemeList
ADDED from whyandroid/android-html-editor/AndroidManifest.xml:66:13-73:20
	android:label
		ADDED from whyandroid/android-html-editor/AndroidManifest.xml:69:17-42
	class
		ADDED from whyandroid/android-html-editor/AndroidManifest.xml:67:11-29
	android:configChanges
		ADDED from whyandroid/android-html-editor/AndroidManifest.xml:68:11-70
	android:name
		ADDED from whyandroid/android-html-editor/AndroidManifest.xml:66:23-48
activity#com.zen.androidhtmleditor.Themes
ADDED from whyandroid/android-html-editor/AndroidManifest.xml:75:3-82:20
	android:label
		ADDED from whyandroid/android-html-editor/AndroidManifest.xml:78:17-39
	class
		ADDED from whyandroid/android-html-editor/AndroidManifest.xml:76:11-26
	android:configChanges
		ADDED from whyandroid/android-html-editor/AndroidManifest.xml:77:11-70
	android:name
		ADDED from whyandroid/android-html-editor/AndroidManifest.xml:75:13-35
activity#com.zen.androidhtmleditor.Accounts
ADDED from whyandroid/android-html-editor/AndroidManifest.xml:84:13-91:20
	android:label
		ADDED from whyandroid/android-html-editor/AndroidManifest.xml:87:17-41
	class
		ADDED from whyandroid/android-html-editor/AndroidManifest.xml:85:11-28
	android:configChanges
		ADDED from whyandroid/android-html-editor/AndroidManifest.xml:86:11-70
	android:name
		ADDED from whyandroid/android-html-editor/AndroidManifest.xml:84:23-47
activity#com.zen.androidhtmleditor.AddAccount
ADDED from whyandroid/android-html-editor/AndroidManifest.xml:93:4-100:20
	android:label
		ADDED from whyandroid/android-html-editor/AndroidManifest.xml:96:17-43
	class
		ADDED from whyandroid/android-html-editor/AndroidManifest.xml:94:11-30
	android:configChanges
		ADDED from whyandroid/android-html-editor/AndroidManifest.xml:95:11-70
	android:name
		ADDED from whyandroid/android-html-editor/AndroidManifest.xml:93:14-40
activity#com.zen.androidhtmleditor.ImportAccount
ADDED from whyandroid/android-html-editor/AndroidManifest.xml:101:8-108:20
	android:label
		ADDED from whyandroid/android-html-editor/AndroidManifest.xml:104:17-46
	class
		ADDED from whyandroid/android-html-editor/AndroidManifest.xml:102:11-33
	android:configChanges
		ADDED from whyandroid/android-html-editor/AndroidManifest.xml:103:11-70
	android:name
		ADDED from whyandroid/android-html-editor/AndroidManifest.xml:101:18-47
uses-permission#android.permission.INTERNET
ADDED from whyandroid/android-html-editor/AndroidManifest.xml:114:1-79
	android:name
		ADDED from whyandroid/android-html-editor/AndroidManifest.xml:114:18-60
uses-permission#android.permission.WRITE_EXTERNAL_STORAGE
ADDED from whyandroid/android-html-editor/AndroidManifest.xml:115:1-77
	android:name
		ADDED from whyandroid/android-html-editor/AndroidManifest.xml:115:18-74